[debug] [2018-04-06T05:03:28.215Z] ----------------------------------------------------------------------
[debug] [2018-04-06T05:03:28.218Z] Command:       C:\Program Files\nodejs\node.exe C:\Users\Keji's Lab\AppData\Roaming\npm\node_modules\firebase-tools\bin\firebase serve
[debug] [2018-04-06T05:03:28.218Z] CLI Version:   3.16.0
[debug] [2018-04-06T05:03:28.219Z] Platform:      win32
[debug] [2018-04-06T05:03:28.219Z] Node Version:  v6.10.3
[debug] [2018-04-06T05:03:28.219Z] Time:          Fri Apr 06 2018 13:03:28 GMT+0800 (Malay Peninsula Standard Time)
[debug] [2018-04-06T05:03:28.219Z] ----------------------------------------------------------------------
[debug] 
[debug] [2018-04-06T05:03:28.298Z] > command requires scopes: ["email","openid","https://www.googleapis.com/auth/cloudplatformprojects.readonly","https://www.googleapis.com/auth/firebase","https://www.googleapis.com/auth/cloud-platform"]
[debug] [2018-04-06T05:03:28.299Z] > authorizing via signed-in user
[debug] [2018-04-06T05:03:28.302Z] > refreshing access token with scopes: ["email","https://www.googleapis.com/auth/cloud-platform","https://www.googleapis.com/auth/cloudplatformprojects.readonly","https://www.googleapis.com/auth/firebase","openid"]
[debug] [2018-04-06T05:03:28.302Z] >>> HTTP REQUEST POST https://www.googleapis.com/oauth2/v3/token  
 { refresh_token: '1/wwGVO5OngVStb0oULoqdr4ODxrcuAzM9D8qVFB7-xno',
  client_id: '563584335869-fgrhgmd47bqnekij5i8b5pr03ho849e6.apps.googleusercontent.com',
  client_secret: 'j9iVZfS8kkCEFUPaAeJV0sAi',
  grant_type: 'refresh_token',
  scope: 'email https://www.googleapis.com/auth/cloud-platform https://www.googleapis.com/auth/cloudplatformprojects.readonly https://www.googleapis.com/auth/firebase openid' } 
 Fri Apr 06 2018 13:03:28 GMT+0800 (Malay Peninsula Standard Time)
[debug] [2018-04-06T05:03:30.337Z] <<< HTTP RESPONSE 200
[debug] [2018-04-06T05:03:30.397Z] >>> HTTP REQUEST GET https://admin.firebase.com/v1/projects/cashier-queing-system  
  
 Fri Apr 06 2018 13:03:30 GMT+0800 (Malay Peninsula Standard Time)
[debug] [2018-04-06T05:03:31.752Z] <<< HTTP RESPONSE 200
[debug] [2018-04-06T05:03:31.753Z] >>> HTTP REQUEST GET https://admin.firebase.com/v1/database/cashier-queing-system/tokens  
  
 Fri Apr 06 2018 13:03:31 GMT+0800 (Malay Peninsula Standard Time)
[debug] [2018-04-06T05:03:32.922Z] <<< HTTP RESPONSE 200
[info] 
[info] === Serving from 'C:\Users\Keji's Lab\git GroupTwo'...
[info] 
[debug] [2018-04-06T05:03:32.926Z] >>> HTTP REQUEST GET https://cloudresourcemanager.googleapis.com/v1/projects/cashier-queing-system  
  
 Fri Apr 06 2018 13:03:32 GMT+0800 (Malay Peninsula Standard Time)
[debug] [2018-04-06T05:03:34.646Z] <<< HTTP RESPONSE 200
[debug] [2018-04-06T05:03:34.646Z] >>> HTTP REQUEST GET https://mobilesdk-pa.googleapis.com/v1/projects/654094023765/clients/_:getWebAppConfig  
  
 Fri Apr 06 2018 13:03:34 GMT+0800 (Malay Peninsula Standard Time)
[debug] [2018-04-06T05:03:35.849Z] <<< HTTP RESPONSE 200
[warn] !  hosting: Port 5000 is not available. Trying another port...
[debug] [2018-04-06T05:03:36.110Z] >>> HTTP REQUEST GET https://cloudresourcemanager.googleapis.com/v1/projects/cashier-queing-system  
  
 Fri Apr 06 2018 13:03:36 GMT+0800 (Malay Peninsula Standard Time)
[debug] [2018-04-06T05:03:37.712Z] <<< HTTP RESPONSE 200
[debug] [2018-04-06T05:03:37.712Z] >>> HTTP REQUEST GET https://mobilesdk-pa.googleapis.com/v1/projects/654094023765/clients/_:getWebAppConfig  
  
 Fri Apr 06 2018 13:03:37 GMT+0800 (Malay Peninsula Standard Time)
[debug] [2018-04-06T05:03:38.770Z] <<< HTTP RESPONSE 200
[info] i  hosting: Serving hosting files from: public
[info] +  hosting: Local server: http://localhost:5004

